{"level":"info","message":"GET /health","service":"ccms-backend","timestamp":"2026-02-05T18:39:11.393Z"}
{"level":"info","message":"POST /api/auth/register","service":"ccms-backend","timestamp":"2026-02-05T18:39:11.442Z"}
{"level":"error","name":"SequelizeConnectionError","original":{"code":"28000","file":"miscinit.c","length":100,"line":"755","name":"error","routine":"InitializeSessionUserId","severity":"FATAL"},"parent":{"code":"28000","file":"miscinit.c","length":100,"line":"755","name":"error","routine":"InitializeSessionUserId","severity":"FATAL"},"service":"ccms-backend","timestamp":"2026-02-05T18:39:11.451Z"}
{"level":"info","message":"POST /api/auth/register","service":"ccms-backend","timestamp":"2026-02-05T18:39:11.457Z"}
{"level":"error","name":"SequelizeConnectionError","original":{"code":"28000","file":"miscinit.c","length":100,"line":"755","name":"error","routine":"InitializeSessionUserId","severity":"FATAL"},"parent":{"code":"28000","file":"miscinit.c","length":100,"line":"755","name":"error","routine":"InitializeSessionUserId","severity":"FATAL"},"service":"ccms-backend","timestamp":"2026-02-05T18:39:11.461Z"}
{"level":"info","message":"POST /api/auth/login","service":"ccms-backend","timestamp":"2026-02-05T18:39:11.464Z"}
{"level":"error","name":"SequelizeConnectionError","original":{"code":"28000","file":"miscinit.c","length":100,"line":"755","name":"error","routine":"InitializeSessionUserId","severity":"FATAL"},"parent":{"code":"28000","file":"miscinit.c","length":100,"line":"755","name":"error","routine":"InitializeSessionUserId","severity":"FATAL"},"service":"ccms-backend","timestamp":"2026-02-05T18:39:11.473Z"}
{"level":"info","message":"GET /api/events","service":"ccms-backend","timestamp":"2026-02-05T18:39:11.475Z"}
{"level":"info","message":"GET /api/events","service":"ccms-backend","timestamp":"2026-02-05T18:39:11.477Z"}
{"level":"info","message":"POST /api/attendance/mark","service":"ccms-backend","timestamp":"2026-02-05T18:39:11.480Z"}
{"level":"info","message":"POST /api/voting/create","service":"ccms-backend","timestamp":"2026-02-05T18:39:11.482Z"}
{"level":"info","message":"GET /api/certificates/verify/nonexistenthash1234567890123456789012345678901234567890123456","service":"ccms-backend","timestamp":"2026-02-05T18:39:11.483Z"}
{"level":"error","message":"Verify Certificate Error: role \"postgres\" does not exist","name":"SequelizeConnectionError","original":{"code":"28000","file":"miscinit.c","length":100,"line":"755","name":"error","routine":"InitializeSessionUserId","severity":"FATAL"},"parent":{"code":"28000","file":"miscinit.c","length":100,"line":"755","name":"error","routine":"InitializeSessionUserId","severity":"FATAL"},"service":"ccms-backend","stack":"SequelizeConnectionError: role \"postgres\" does not exist\n    at Client._connectionCallback (/Users/macbook/Documents/CCMS/backend/node_modules/sequelize/src/dialects/postgres/connection-manager.js:196:24)\n    at Client._handleErrorWhileConnecting (/Users/macbook/Documents/CCMS/backend/node_modules/pg/lib/client.js:376:19)\n    at Client._handleErrorMessage (/Users/macbook/Documents/CCMS/backend/node_modules/pg/lib/client.js:396:19)\n    at Connection.emit (node:events:508:28)\n    at /Users/macbook/Documents/CCMS/backend/node_modules/pg/lib/connection.js:115:12\n    at Parser.parse (/Users/macbook/Documents/CCMS/backend/node_modules/pg-protocol/src/parser.ts:106:9)\n    at Socket.<anonymous> (/Users/macbook/Documents/CCMS/backend/node_modules/pg-protocol/src/index.ts:7:48)\n    at Socket.emit (node:events:508:28)\n    at addChunk (node:internal/streams/readable:559:12)\n    at readableAddChunkPushByteMode (node:internal/streams/readable:510:3)\n    at Socket.Readable.push (node:internal/streams/readable:390:5)\n    at TCP.onStreamRead (node:internal/stream_base_commons:189:23)","timestamp":"2026-02-05T18:39:11.500Z"}
{"level":"info","message":"POST /api/feedback/submit","service":"ccms-backend","timestamp":"2026-02-05T18:39:11.504Z"}
{"level":"info","message":"GET /health","service":"ccms-backend","timestamp":"2026-02-05T18:39:37.816Z"}
{"level":"info","message":"POST /api/auth/register","service":"ccms-backend","timestamp":"2026-02-05T18:39:37.891Z"}
{"level":"error","name":"SequelizeConnectionError","original":{"code":"28000","file":"miscinit.c","length":100,"line":"755","name":"error","routine":"InitializeSessionUserId","severity":"FATAL"},"parent":{"code":"28000","file":"miscinit.c","length":100,"line":"755","name":"error","routine":"InitializeSessionUserId","severity":"FATAL"},"service":"ccms-backend","timestamp":"2026-02-05T18:39:37.899Z"}
{"level":"info","message":"POST /api/auth/register","service":"ccms-backend","timestamp":"2026-02-05T18:39:37.906Z"}
{"level":"error","name":"SequelizeConnectionError","original":{"code":"28000","file":"miscinit.c","length":100,"line":"755","name":"error","routine":"InitializeSessionUserId","severity":"FATAL"},"parent":{"code":"28000","file":"miscinit.c","length":100,"line":"755","name":"error","routine":"InitializeSessionUserId","severity":"FATAL"},"service":"ccms-backend","timestamp":"2026-02-05T18:39:37.912Z"}
{"level":"info","message":"POST /api/auth/login","service":"ccms-backend","timestamp":"2026-02-05T18:39:37.916Z"}
{"level":"error","name":"SequelizeConnectionError","original":{"code":"28000","file":"miscinit.c","length":100,"line":"755","name":"error","routine":"InitializeSessionUserId","severity":"FATAL"},"parent":{"code":"28000","file":"miscinit.c","length":100,"line":"755","name":"error","routine":"InitializeSessionUserId","severity":"FATAL"},"service":"ccms-backend","timestamp":"2026-02-05T18:39:37.921Z"}
{"level":"info","message":"GET /api/events","service":"ccms-backend","timestamp":"2026-02-05T18:39:37.925Z"}
{"level":"info","message":"GET /api/events","service":"ccms-backend","timestamp":"2026-02-05T18:39:37.929Z"}
{"level":"info","message":"POST /api/attendance/mark","service":"ccms-backend","timestamp":"2026-02-05T18:39:37.932Z"}
{"level":"info","message":"POST /api/voting/create","service":"ccms-backend","timestamp":"2026-02-05T18:39:37.936Z"}
{"level":"info","message":"GET /api/certificates/verify/nonexistenthash1234567890123456789012345678901234567890123456","service":"ccms-backend","timestamp":"2026-02-05T18:39:37.939Z"}
{"level":"error","message":"Verify Certificate Error: role \"postgres\" does not exist","name":"SequelizeConnectionError","original":{"code":"28000","file":"miscinit.c","length":100,"line":"755","name":"error","routine":"InitializeSessionUserId","severity":"FATAL"},"parent":{"code":"28000","file":"miscinit.c","length":100,"line":"755","name":"error","routine":"InitializeSessionUserId","severity":"FATAL"},"service":"ccms-backend","stack":"SequelizeConnectionError: role \"postgres\" does not exist\n    at Client._connectionCallback (/Users/macbook/Documents/CCMS/backend/node_modules/sequelize/src/dialects/postgres/connection-manager.js:196:24)\n    at Client._handleErrorWhileConnecting (/Users/macbook/Documents/CCMS/backend/node_modules/pg/lib/client.js:376:19)\n    at Client._handleErrorMessage (/Users/macbook/Documents/CCMS/backend/node_modules/pg/lib/client.js:396:19)\n    at Connection.emit (node:events:508:28)\n    at /Users/macbook/Documents/CCMS/backend/node_modules/pg/lib/connection.js:115:12\n    at Parser.parse (/Users/macbook/Documents/CCMS/backend/node_modules/pg-protocol/src/parser.ts:106:9)\n    at Socket.<anonymous> (/Users/macbook/Documents/CCMS/backend/node_modules/pg-protocol/src/index.ts:7:48)\n    at Socket.emit (node:events:508:28)\n    at addChunk (node:internal/streams/readable:559:12)\n    at readableAddChunkPushByteMode (node:internal/streams/readable:510:3)\n    at Socket.Readable.push (node:internal/streams/readable:390:5)\n    at TCP.onStreamRead (node:internal/stream_base_commons:189:23)","timestamp":"2026-02-05T18:39:37.959Z"}
{"level":"info","message":"POST /api/feedback/submit","service":"ccms-backend","timestamp":"2026-02-05T18:39:37.965Z"}
{"level":"info","message":"🚀 Server running on port 5001","service":"ccms-backend","timestamp":"2026-02-05T18:50:28.875Z"}
{"level":"info","message":"🚀 Server running on port 5001","service":"ccms-backend","timestamp":"2026-02-05T19:01:22.793Z"}
{"level":"info","message":"🚀 Server running on port 5001","service":"ccms-backend","timestamp":"2026-02-05T19:09:40.171Z"}
{"level":"info","message":"GET /health","service":"ccms-backend","timestamp":"2026-02-05T19:09:54.168Z"}
{"level":"info","message":"POST /api/auth/register","service":"ccms-backend","timestamp":"2026-02-05T19:09:54.226Z"}
{"level":"error","service":"ccms-backend","timestamp":"2026-02-05T19:09:54.233Z"}
{"level":"info","message":"POST /api/auth/register","service":"ccms-backend","timestamp":"2026-02-05T19:09:54.238Z"}
{"errors":[{"instance":{"createdAt":"2026-02-05T19:09:54.334Z","email":"not-an-email","id":"3c27f5b6-074e-466b-bcef-314150920ba4","name":"Test User","password_hash":"$2b$10$6L3LzXBMd1aENd/xV01GTehSrxEBNGlSe1DmQFjT1xPsOgsTHZJ.q","role":"STUDENT","updatedAt":"2026-02-05T19:09:54.334Z"},"message":"Validation isEmail on email failed","origin":"FUNCTION","original":{"validatorArgs":[{"allow_display_name":false,"allow_underscores":false,"allow_utf8_local_part":true,"blacklisted_chars":"","host_blacklist":[],"host_whitelist":[],"ignore_max_length":false,"require_display_name":false,"require_tld":true}],"validatorName":"isEmail"},"path":"email","type":"Validation error","validatorArgs":[{"allow_display_name":false,"allow_underscores":false,"allow_utf8_local_part":true,"blacklisted_chars":"","host_blacklist":[],"host_whitelist":[],"ignore_max_length":false,"require_display_name":false,"require_tld":true}],"validatorKey":"isEmail","validatorName":"isEmail","value":"not-an-email"}],"level":"error","name":"SequelizeValidationError","service":"ccms-backend","timestamp":"2026-02-05T19:09:54.335Z"}
{"level":"info","message":"POST /api/auth/login","service":"ccms-backend","timestamp":"2026-02-05T19:09:54.338Z"}
{"level":"info","message":"GET /api/events","service":"ccms-backend","timestamp":"2026-02-05T19:09:54.342Z"}
{"level":"info","message":"GET /api/events","service":"ccms-backend","timestamp":"2026-02-05T19:09:54.347Z"}
{"level":"info","message":"POST /api/attendance/mark","service":"ccms-backend","timestamp":"2026-02-05T19:09:54.350Z"}
{"level":"info","message":"POST /api/voting/create","service":"ccms-backend","timestamp":"2026-02-05T19:09:54.353Z"}
{"level":"info","message":"GET /api/certificates/verify/nonexistenthash1234567890123456789012345678901234567890123456","service":"ccms-backend","timestamp":"2026-02-05T19:09:54.355Z"}
{"level":"info","message":"POST /api/feedback/submit","service":"ccms-backend","timestamp":"2026-02-05T19:09:54.361Z"}
{"level":"info","message":"GET /health","service":"ccms-backend","timestamp":"2026-02-05T19:10:05.382Z"}
{"level":"info","message":"POST /api/auth/register","service":"ccms-backend","timestamp":"2026-02-05T19:10:05.438Z"}
{"level":"error","service":"ccms-backend","timestamp":"2026-02-05T19:10:05.445Z"}
{"level":"info","message":"POST /api/auth/register","service":"ccms-backend","timestamp":"2026-02-05T19:10:05.452Z"}
{"errors":[{"instance":{"createdAt":"2026-02-05T19:10:05.546Z","email":"not-an-email","id":"3bea81bf-1d2c-4760-a7c6-131fefc15d5d","name":"Test User","password_hash":"$2b$10$wRLTZ3giaBQTlxYKntqSjeLli3XurEnSKYNPfzWdt.Ff8E5HxkLka","role":"STUDENT","updatedAt":"2026-02-05T19:10:05.546Z"},"message":"Validation isEmail on email failed","origin":"FUNCTION","original":{"validatorArgs":[{"allow_display_name":false,"allow_underscores":false,"allow_utf8_local_part":true,"blacklisted_chars":"","host_blacklist":[],"host_whitelist":[],"ignore_max_length":false,"require_display_name":false,"require_tld":true}],"validatorName":"isEmail"},"path":"email","type":"Validation error","validatorArgs":[{"allow_display_name":false,"allow_underscores":false,"allow_utf8_local_part":true,"blacklisted_chars":"","host_blacklist":[],"host_whitelist":[],"ignore_max_length":false,"require_display_name":false,"require_tld":true}],"validatorKey":"isEmail","validatorName":"isEmail","value":"not-an-email"}],"level":"error","name":"SequelizeValidationError","service":"ccms-backend","timestamp":"2026-02-05T19:10:05.548Z"}
{"level":"info","message":"POST /api/auth/login","service":"ccms-backend","timestamp":"2026-02-05T19:10:05.551Z"}
{"level":"info","message":"GET /api/events","service":"ccms-backend","timestamp":"2026-02-05T19:10:05.555Z"}
{"level":"info","message":"GET /api/events","service":"ccms-backend","timestamp":"2026-02-05T19:10:05.560Z"}
{"level":"info","message":"POST /api/attendance/mark","service":"ccms-backend","timestamp":"2026-02-05T19:10:05.563Z"}
{"level":"info","message":"POST /api/voting/create","service":"ccms-backend","timestamp":"2026-02-05T19:10:05.566Z"}
{"level":"info","message":"GET /api/certificates/verify/nonexistenthash1234567890123456789012345678901234567890123456","service":"ccms-backend","timestamp":"2026-02-05T19:10:05.568Z"}
{"level":"info","message":"POST /api/feedback/submit","service":"ccms-backend","timestamp":"2026-02-05T19:10:05.572Z"}
{"level":"info","message":"GET /health","service":"ccms-backend","timestamp":"2026-02-05T19:10:16.410Z"}
{"level":"info","message":"POST /api/auth/register","service":"ccms-backend","timestamp":"2026-02-05T19:10:16.465Z"}
{"level":"error","service":"ccms-backend","timestamp":"2026-02-05T19:10:16.472Z"}
{"level":"info","message":"POST /api/auth/register","service":"ccms-backend","timestamp":"2026-02-05T19:10:16.478Z"}
{"errors":[{"instance":{"createdAt":"2026-02-05T19:10:16.575Z","email":"not-an-email","id":"2ac021a1-7b77-454a-b3cb-40fd624e65b9","name":"Test User","password_hash":"$2b$10$tP1gkiddYfOPhAK98IQhSutQmbW2Jb4E.fXyhm.G6kiMWGMKa1olK","role":"STUDENT","updatedAt":"2026-02-05T19:10:16.575Z"},"message":"Validation isEmail on email failed","origin":"FUNCTION","original":{"validatorArgs":[{"allow_display_name":false,"allow_underscores":false,"allow_utf8_local_part":true,"blacklisted_chars":"","host_blacklist":[],"host_whitelist":[],"ignore_max_length":false,"require_display_name":false,"require_tld":true}],"validatorName":"isEmail"},"path":"email","type":"Validation error","validatorArgs":[{"allow_display_name":false,"allow_underscores":false,"allow_utf8_local_part":true,"blacklisted_chars":"","host_blacklist":[],"host_whitelist":[],"ignore_max_length":false,"require_display_name":false,"require_tld":true}],"validatorKey":"isEmail","validatorName":"isEmail","value":"not-an-email"}],"level":"error","name":"SequelizeValidationError","service":"ccms-backend","timestamp":"2026-02-05T19:10:16.576Z"}
{"level":"info","message":"POST /api/auth/login","service":"ccms-backend","timestamp":"2026-02-05T19:10:16.580Z"}
{"level":"info","message":"GET /api/events","service":"ccms-backend","timestamp":"2026-02-05T19:10:16.584Z"}
{"level":"info","message":"GET /api/events","service":"ccms-backend","timestamp":"2026-02-05T19:10:16.590Z"}
{"level":"info","message":"POST /api/attendance/mark","service":"ccms-backend","timestamp":"2026-02-05T19:10:16.593Z"}
{"level":"info","message":"POST /api/voting/create","service":"ccms-backend","timestamp":"2026-02-05T19:10:16.596Z"}
{"level":"info","message":"GET /api/certificates/verify/nonexistenthash1234567890123456789012345678901234567890123456","service":"ccms-backend","timestamp":"2026-02-05T19:10:16.598Z"}
{"level":"info","message":"POST /api/feedback/submit","service":"ccms-backend","timestamp":"2026-02-05T19:10:16.603Z"}
{"level":"info","message":"GET /health","service":"ccms-backend","timestamp":"2026-02-05T19:10:26.997Z"}
{"level":"info","message":"POST /api/auth/register","service":"ccms-backend","timestamp":"2026-02-05T19:10:27.062Z"}
{"level":"error","service":"ccms-backend","timestamp":"2026-02-05T19:10:27.070Z"}
{"level":"info","message":"POST /api/auth/register","service":"ccms-backend","timestamp":"2026-02-05T19:10:27.076Z"}
{"errors":[{"instance":{"createdAt":"2026-02-05T19:10:27.171Z","email":"not-an-email","id":"36f04224-40fe-4292-b5d6-16a5120b20d9","name":"Test User","password_hash":"$2b$10$q8NphgpvuG3uIYRW2Ba3IOrECnvi3xVfRd8YubF9eACEr0q9ualB6","role":"STUDENT","updatedAt":"2026-02-05T19:10:27.171Z"},"message":"Validation isEmail on email failed","origin":"FUNCTION","original":{"validatorArgs":[{"allow_display_name":false,"allow_underscores":false,"allow_utf8_local_part":true,"blacklisted_chars":"","host_blacklist":[],"host_whitelist":[],"ignore_max_length":false,"require_display_name":false,"require_tld":true}],"validatorName":"isEmail"},"path":"email","type":"Validation error","validatorArgs":[{"allow_display_name":false,"allow_underscores":false,"allow_utf8_local_part":true,"blacklisted_chars":"","host_blacklist":[],"host_whitelist":[],"ignore_max_length":false,"require_display_name":false,"require_tld":true}],"validatorKey":"isEmail","validatorName":"isEmail","value":"not-an-email"}],"level":"error","name":"SequelizeValidationError","service":"ccms-backend","timestamp":"2026-02-05T19:10:27.172Z"}
{"level":"info","message":"POST /api/auth/login","service":"ccms-backend","timestamp":"2026-02-05T19:10:27.176Z"}
{"level":"info","message":"GET /api/events","service":"ccms-backend","timestamp":"2026-02-05T19:10:27.179Z"}
{"level":"info","message":"GET /api/events","service":"ccms-backend","timestamp":"2026-02-05T19:10:27.184Z"}
{"level":"info","message":"POST /api/attendance/mark","service":"ccms-backend","timestamp":"2026-02-05T19:10:27.187Z"}
{"level":"info","message":"POST /api/voting/create","service":"ccms-backend","timestamp":"2026-02-05T19:10:27.190Z"}
{"level":"info","message":"GET /api/certificates/verify/nonexistenthash1234567890123456789012345678901234567890123456","service":"ccms-backend","timestamp":"2026-02-05T19:10:27.192Z"}
{"level":"info","message":"POST /api/feedback/submit","service":"ccms-backend","timestamp":"2026-02-05T19:10:27.196Z"}
{"level":"info","message":"🚀 Server running on port 5001","service":"ccms-backend","timestamp":"2026-02-05T19:10:40.949Z"}
{"level":"info","message":"GET /health","service":"ccms-backend","timestamp":"2026-02-05T19:10:52.372Z"}
{"level":"info","message":"GET /api/events","service":"ccms-backend","timestamp":"2026-02-05T19:10:59.690Z"}
{"level":"info","message":"POST /api/events/demo","service":"ccms-backend","timestamp":"2026-02-05T19:11:13.076Z"}
{"level":"info","message":"POST /api/attendance/mark","service":"ccms-backend","timestamp":"2026-02-05T19:11:27.639Z"}
{"level":"info","message":"POST /api/events/demo","service":"ccms-backend","timestamp":"2026-02-05T19:11:35.919Z"}
{"level":"info","message":"POST /api/attendance/mark","service":"ccms-backend","timestamp":"2026-02-05T19:11:43.285Z"}
{"level":"error","message":"Mark Attendance Demo Error: invalid input syntax for type uuid: \"9e8150fa08521e8c9449489bf84ff30ca074\"","name":"SequelizeDatabaseError","original":{"code":"22P02","file":"uuid.c","length":168,"line":"137","name":"error","parameters":["68180fcc-9e7c-4b2f-9028-2b9ea30fed60","f05bc4bd-067b-4a4c-89ba-f174945b0be6","9e8150fa08521e8c9449489bf84ff30ca074","TESTWALLET123","9e8150fa08521e8c9449489bf84ff30ca0745f39a0481cb79a3144df00665c48","CONFIRMED","2026-02-05 19:11:43.289 +00:00","2026-02-05 19:11:43.289 +00:00","2026-02-05 19:11:43.289 +00:00"],"routine":"string_to_uuid","severity":"ERROR","sql":"INSERT INTO \"attendances\" (\"id\",\"event_id\",\"user_id\",\"wallet_address\",\"wallet_hash\",\"status\",\"checked_in_at\",\"createdAt\",\"updatedAt\") VALUES ($1,$2,$3,$4,$5,$6,$7,$8,$9) RETURNING \"id\",\"event_id\",\"user_id\",\"wallet_address\",\"wallet_hash\",\"txn_id\",\"status\",\"checked_in_at\",\"createdAt\",\"updatedAt\";","where":"unnamed portal parameter $3 = '...'"},"parameters":["68180fcc-9e7c-4b2f-9028-2b9ea30fed60","f05bc4bd-067b-4a4c-89ba-f174945b0be6","9e8150fa08521e8c9449489bf84ff30ca074","TESTWALLET123","9e8150fa08521e8c9449489bf84ff30ca0745f39a0481cb79a3144df00665c48","CONFIRMED","2026-02-05 19:11:43.289 +00:00","2026-02-05 19:11:43.289 +00:00","2026-02-05 19:11:43.289 +00:00"],"parent":{"code":"22P02","file":"uuid.c","length":168,"line":"137","name":"error","parameters":["68180fcc-9e7c-4b2f-9028-2b9ea30fed60","f05bc4bd-067b-4a4c-89ba-f174945b0be6","9e8150fa08521e8c9449489bf84ff30ca074","TESTWALLET123","9e8150fa08521e8c9449489bf84ff30ca0745f39a0481cb79a3144df00665c48","CONFIRMED","2026-02-05 19:11:43.289 +00:00","2026-02-05 19:11:43.289 +00:00","2026-02-05 19:11:43.289 +00:00"],"routine":"string_to_uuid","severity":"ERROR","sql":"INSERT INTO \"attendances\" (\"id\",\"event_id\",\"user_id\",\"wallet_address\",\"wallet_hash\",\"status\",\"checked_in_at\",\"createdAt\",\"updatedAt\") VALUES ($1,$2,$3,$4,$5,$6,$7,$8,$9) RETURNING \"id\",\"event_id\",\"user_id\",\"wallet_address\",\"wallet_hash\",\"txn_id\",\"status\",\"checked_in_at\",\"createdAt\",\"updatedAt\";","where":"unnamed portal parameter $3 = '...'"},"service":"ccms-backend","sql":"INSERT INTO \"attendances\" (\"id\",\"event_id\",\"user_id\",\"wallet_address\",\"wallet_hash\",\"status\",\"checked_in_at\",\"createdAt\",\"updatedAt\") VALUES ($1,$2,$3,$4,$5,$6,$7,$8,$9) RETURNING \"id\",\"event_id\",\"user_id\",\"wallet_address\",\"wallet_hash\",\"txn_id\",\"status\",\"checked_in_at\",\"createdAt\",\"updatedAt\";","stack":"Error\n    at Query.run (/Users/macbook/Documents/CCMS/backend/node_modules/sequelize/lib/dialects/postgres/query.js:50:25)\n    at /Users/macbook/Documents/CCMS/backend/node_modules/sequelize/lib/sequelize.js:315:28\n    at process.processTicksAndRejections (node:internal/process/task_queues:103:5)\n    at async PostgresQueryInterface.insert (/Users/macbook/Documents/CCMS/backend/node_modules/sequelize/lib/dialects/abstract/query-interface.js:308:21)\n    at async model.save (/Users/macbook/Documents/CCMS/backend/node_modules/sequelize/lib/model.js:2490:35)\n    at async Attendance.create (/Users/macbook/Documents/CCMS/backend/node_modules/sequelize/lib/model.js:1362:12)\n    at async exports.markAttendanceDemo (/Users/macbook/Documents/CCMS/backend/src/controllers/attendance.controller.js:130:28)","timestamp":"2026-02-05T19:11:43.294Z"}
{"level":"info","message":"🚀 Server running on port 5001","service":"ccms-backend","timestamp":"2026-02-05T19:12:46.634Z"}
{"level":"info","message":"POST /api/attendance/mark","service":"ccms-backend","timestamp":"2026-02-05T19:13:09.112Z"}
{"level":"info","message":"POST /api/attendance/mark","service":"ccms-backend","timestamp":"2026-02-05T19:13:40.255Z"}
{"level":"info","message":"POST /api/feedback/submit","service":"ccms-backend","timestamp":"2026-02-05T19:13:53.666Z"}
{"level":"info","message":"POST /api/feedback/submit","service":"ccms-backend","timestamp":"2026-02-05T19:14:15.165Z"}
{"level":"info","message":"GET /api/certificates/eligibility/EVT-1770318695919-faers3nd6?walletAddress=TESTWALLET123","service":"ccms-backend","timestamp":"2026-02-05T19:14:23.779Z"}
{"level":"info","message":"POST /api/certificates/issue","service":"ccms-backend","timestamp":"2026-02-05T19:14:32.194Z"}
{"level":"info","message":"POST /api/certificates/issue","service":"ccms-backend","timestamp":"2026-02-05T19:14:43.608Z"}
{"level":"info","message":"GET /api/certificates/my/TESTWALLET123","service":"ccms-backend","timestamp":"2026-02-05T19:14:50.921Z"}
{"level":"info","message":"GET /api/events","service":"ccms-backend","timestamp":"2026-02-05T19:20:20.053Z"}
{"level":"info","message":"GET /api/events","service":"ccms-backend","timestamp":"2026-02-05T19:20:20.114Z"}
{"level":"info","message":"GET /api/events","service":"ccms-backend","timestamp":"2026-02-05T19:40:33.104Z"}
{"level":"info","message":"GET /api/events","service":"ccms-backend","timestamp":"2026-02-05T19:40:33.757Z"}
